<?xml version="1.0" encoding="UTF-8"?>
<!-- Generated by org.testng.reporters.JUnitReportReporter -->
<testsuite skipped="0" hostname="Artium-PC" name="com.reddit.proj.FirstTest" tests="1" failures="0" timestamp="30 Mar 2019 16:46:19 GMT" time="12.822" errors="0">
  <testcase name="firstTest" time="12.822" classname="com.reddit.proj.FirstTest"/>
</testsuite> <!-- com.reddit.proj.FirstTest -->
